<?xml version="1.0" encoding="UTF-8"?>
<!-- Generated by org.testng.reporters.JUnitReportReporter -->
<testsuite hostname="Sakthi" failures="0" tests="1" name="SliderFunction.Slider_demo" time="16.063" errors="0" timestamp="2024-08-04T11:26:12 IST" skipped="0">
  <testcase classname="SliderFunction.Slider_demo" name="validateSlide" time="16.063"/>
</testsuite> <!-- SliderFunction.Slider_demo -->
