<?xml version="1.0" encoding="UTF-8"?>
<!-- Generated by org.testng.reporters.JUnitReportReporter -->
<testsuite hostname="Sakthi" failures="0" tests="1" name="com.switchcase.Execution" time="0.026" errors="0" timestamp="2024-08-05T20:36:58 IST" skipped="0">
  <testcase classname="com.switchcase.Execution" name="test" time="0.026"/>
</testsuite> <!-- com.switchcase.Execution -->
