<?xml version="1.0" encoding="UTF-8"?>
<!-- Generated by org.testng.reporters.JUnitReportReporter -->
<testsuite hostname="DESKTOP-95BEDQV" failures="0" tests="1" name="SeleniumMethods.WebDriverMethods" time="11.084" errors="0" timestamp="2024-09-06T06:35:08 IST" skipped="0">
  <testcase classname="SeleniumMethods.WebDriverMethods" name="webdriverMethods" time="11.084"/>
</testsuite> <!-- SeleniumMethods.WebDriverMethods -->
