<?xml version="1.0" encoding="UTF-8"?>
<!-- Generated by org.testng.reporters.JUnitReportReporter -->
<testsuite hostname="DESKTOP-95BEDQV" failures="0" tests="1" name="POM.Runner" time="16.219" errors="0" timestamp="2024-09-19T14:21:17 IST" skipped="0">
  <testcase classname="POM.Runner" name="loginFunc" time="16.219"/>
</testsuite> <!-- POM.Runner -->
