<?xml version="1.0" encoding="UTF-8"?>
<!-- Generated by org.testng.reporters.JUnitReportReporter -->
<testsuite hostname="DESKTOP-95BEDQV" failures="0" tests="1" name="WindowsHandling.WindowsHandling" time="20.217" errors="0" timestamp="2024-09-14T07:03:03 IST" skipped="0">
  <testcase classname="WindowsHandling.WindowsHandling" name="handlePWC1" time="20.217"/>
</testsuite> <!-- WindowsHandling.WindowsHandling -->
