<?xml version="1.0" encoding="UTF-8"?>
<!-- Generated by org.testng.reporters.JUnitReportReporter -->
<testsuite hostname="Sakthi" failures="0" tests="1" name="org.xpath.FindElementsFromDOM" time="7.834" errors="0" timestamp="2024-07-15T08:13:00 IST" skipped="0">
  <testcase classname="org.xpath.FindElementsFromDOM" name="cssSelector" time="7.834"/>
</testsuite> <!-- org.xpath.FindElementsFromDOM -->
