<?xml version="1.0" encoding="UTF-8"?>
<!-- Generated by org.testng.reporters.JUnitReportReporter -->
<testsuite hostname="DESKTOP-95BEDQV" failures="0" tests="1" name="Robot_Selenium.RobotClass" time="10.820" errors="0" timestamp="2024-09-09T20:20:52 IST" skipped="0">
  <testcase classname="Robot_Selenium.RobotClass" name="method" time="10.820"/>
</testsuite> <!-- Robot_Selenium.RobotClass -->
