<?xml version="1.0" encoding="UTF-8"?>
<!-- Generated by org.testng.reporters.JUnitReportReporter -->
<testsuite hostname="Sakthi" failures="0" tests="1" name="org.identifyingLocators.XPATHandCSSSelector" time="3.648" errors="0" timestamp="2024-07-15T21:44:34 IST" skipped="0">
  <testcase classname="org.identifyingLocators.XPATHandCSSSelector" name="cssselector" time="3.648"/>
</testsuite> <!-- org.identifyingLocators.XPATHandCSSSelector -->
