<?xml version="1.0" encoding="UTF-8"?>
<!-- Generated by org.testng.reporters.JUnitReportReporter -->
<testsuite hostname="Sakthi" failures="0" tests="1" name="SliderFunction.Slider" time="5.670" errors="0" timestamp="2024-08-03T11:28:04 IST" skipped="0">
  <testcase classname="SliderFunction.Slider" name="validateSlide" time="5.670"/>
</testsuite> <!-- SliderFunction.Slider -->
