<?xml version="1.0" encoding="UTF-8"?>
<!-- Generated by org.testng.reporters.JUnitReportReporter -->
<testsuite hostname="Sakthi" failures="0" tests="1" name="SeleniumArch.SeleniumArchitech" time="4.222" errors="0" timestamp="2024-07-11T21:36:06 IST" skipped="0">
  <testcase classname="SeleniumArch.SeleniumArchitech" name="launching" time="4.222"/>
</testsuite> <!-- SeleniumArch.SeleniumArchitech -->
