<?xml version="1.0" encoding="UTF-8"?>
<!-- Generated by org.testng.reporters.JUnitReportReporter -->
<testsuite hostname="DESKTOP-95BEDQV" failures="0" tests="1" name="Actions_Selenium.ActionsClass" time="22.198" errors="0" timestamp="2024-11-25T17:43:17 IST" skipped="0">
  <testcase classname="Actions_Selenium.ActionsClass" name="senkeysAndKeyDownKeyUp" time="22.198"/>
</testsuite> <!-- Actions_Selenium.ActionsClass -->
