<?xml version="1.0" encoding="UTF-8"?>
<!-- Generated by org.testng.reporters.JUnitReportReporter -->
<testsuite hostname="DESKTOP-95BEDQV" failures="0" tests="1" name="TakesScreenshotConcept.TaksScreenshotConcept" time="0.028" errors="0" timestamp="2024-09-10T07:11:56 IST" skipped="0">
  <testcase classname="TakesScreenshotConcept.TaksScreenshotConcept" name="parentFolder" time="0.028"/>
</testsuite> <!-- TakesScreenshotConcept.TaksScreenshotConcept -->
