<?xml version="1.0" encoding="UTF-8"?>
<!-- Generated by org.testng.reporters.JUnitReportReporter -->
<testsuite hostname="Sakthi" failures="0" tests="1" name="org.identifyingLocators.XpathAxes" time="13.314" errors="0" timestamp="2024-07-19T07:15:52 IST" skipped="0">
  <testcase classname="org.identifyingLocators.XpathAxes" name="practo" time="13.314"/>
</testsuite> <!-- org.identifyingLocators.XpathAxes -->
