<?xml version="1.0" encoding="UTF-8"?>
<!-- Generated by org.testng.reporters.JUnitReportReporter -->
<testsuite hostname="DESKTOP-95BEDQV" failures="0" tests="1" name="AlertConcept.AlertConcept" time="17.314" errors="0" timestamp="2024-09-09T21:31:56 IST" skipped="0">
  <testcase classname="AlertConcept.AlertConcept" name="prompAlert2" time="17.314"/>
</testsuite> <!-- AlertConcept.AlertConcept -->
